<?xml version="1.0" encoding="UTF-8"?>
<testsuite name="com.vanderbilt.ruleengine.DSLPatternTest" tests="5" skipped="0" failures="0" errors="0" timestamp="2021-11-22T02:18:41" hostname="Rupaks-MacBook-Pro.local" time="0.285">
  <properties/>
  <testcase name="verifyNumberOfPatternFoundInExpression" classname="com.vanderbilt.ruleengine.DSLPatternTest" time="0.24"/>
  <testcase name="verifyExtractValue" classname="com.vanderbilt.ruleengine.DSLPatternTest" time="0.008"/>
  <testcase name="verifyKeywordResolverValue" classname="com.vanderbilt.ruleengine.DSLPatternTest" time="0.028"/>
  <testcase name="verifyKeywordValue" classname="com.vanderbilt.ruleengine.DSLPatternTest" time="0.003"/>
  <testcase name="verifyPatternInExpression" classname="com.vanderbilt.ruleengine.DSLPatternTest" time="0.002"/>
  <system-out><![CDATA[21:18:36.234 [Test worker] DEBUG org.springframework.test.context.junit4.SpringJUnit4ClassRunner - SpringJUnit4ClassRunner constructor called with [class com.vanderbilt.ruleengine.DSLPatternTest]
21:18:36.241 [Test worker] DEBUG org.springframework.test.context.BootstrapUtils - Instantiating CacheAwareContextLoaderDelegate from class [org.springframework.test.context.cache.DefaultCacheAwareContextLoaderDelegate]
21:18:36.250 [Test worker] DEBUG org.springframework.test.context.BootstrapUtils - Instantiating BootstrapContext using constructor [public org.springframework.test.context.support.DefaultBootstrapContext(java.lang.Class,org.springframework.test.context.CacheAwareContextLoaderDelegate)]
21:18:36.289 [Test worker] DEBUG org.springframework.test.context.BootstrapUtils - Instantiating TestContextBootstrapper for test class [com.vanderbilt.ruleengine.DSLPatternTest] from class [org.springframework.boot.test.context.SpringBootTestContextBootstrapper]
21:18:36.300 [Test worker] INFO org.springframework.boot.test.context.SpringBootTestContextBootstrapper - Neither @ContextConfiguration nor @ContextHierarchy found for test class [com.vanderbilt.ruleengine.DSLPatternTest], using SpringBootContextLoader
21:18:36.303 [Test worker] DEBUG org.springframework.test.context.support.AbstractContextLoader - Did not detect default resource location for test class [com.vanderbilt.ruleengine.DSLPatternTest]: class path resource [com/vanderbilt/ruleengine/DSLPatternTest-context.xml] does not exist
21:18:36.303 [Test worker] DEBUG org.springframework.test.context.support.AbstractContextLoader - Did not detect default resource location for test class [com.vanderbilt.ruleengine.DSLPatternTest]: class path resource [com/vanderbilt/ruleengine/DSLPatternTestContext.groovy] does not exist
21:18:36.304 [Test worker] INFO org.springframework.test.context.support.AbstractContextLoader - Could not detect default resource locations for test class [com.vanderbilt.ruleengine.DSLPatternTest]: no resource found for suffixes {-context.xml, Context.groovy}.
21:18:36.362 [Test worker] DEBUG org.springframework.test.context.support.ActiveProfilesUtils - Could not find an 'annotation declaring class' for annotation type [org.springframework.test.context.ActiveProfiles] and class [com.vanderbilt.ruleengine.DSLPatternTest]
21:18:36.506 [Test worker] DEBUG org.springframework.boot.test.context.SpringBootTestContextBootstrapper - @TestExecutionListeners is not present for class [com.vanderbilt.ruleengine.DSLPatternTest]: using defaults.
21:18:36.507 [Test worker] INFO org.springframework.boot.test.context.SpringBootTestContextBootstrapper - Loaded default TestExecutionListener class names from location [META-INF/spring.factories]: [org.springframework.security.test.context.support.WithSecurityContextTestExecutionListener, org.springframework.security.test.context.support.ReactorContextTestExecutionListener, org.springframework.boot.test.autoconfigure.restdocs.RestDocsTestExecutionListener, org.springframework.boot.test.autoconfigure.web.client.MockRestServiceServerResetTestExecutionListener, org.springframework.boot.test.autoconfigure.web.servlet.MockMvcPrintOnlyOnFailureTestExecutionListener, org.springframework.boot.test.autoconfigure.web.servlet.WebDriverTestExecutionListener, org.springframework.boot.test.autoconfigure.webservices.client.MockWebServiceServerTestExecutionListener, org.springframework.boot.test.mock.mockito.MockitoTestExecutionListener, org.springframework.boot.test.mock.mockito.ResetMocksTestExecutionListener, org.springframework.test.context.web.ServletTestExecutionListener, org.springframework.test.context.support.DirtiesContextBeforeModesTestExecutionListener, org.springframework.test.context.event.ApplicationEventsTestExecutionListener, org.springframework.test.context.support.DependencyInjectionTestExecutionListener, org.springframework.test.context.support.DirtiesContextTestExecutionListener, org.springframework.test.context.transaction.TransactionalTestExecutionListener, org.springframework.test.context.jdbc.SqlScriptsTestExecutionListener, org.springframework.test.context.event.EventPublishingTestExecutionListener]
21:18:36.544 [Test worker] INFO org.springframework.boot.test.context.SpringBootTestContextBootstrapper - Using TestExecutionListeners: [org.springframework.test.context.web.ServletTestExecutionListener@7a3f11ef, org.springframework.test.context.support.DirtiesContextBeforeModesTestExecutionListener@6556c570, org.springframework.test.context.event.ApplicationEventsTestExecutionListener@8ea6d27, org.springframework.boot.test.mock.mockito.MockitoTestExecutionListener@2e08f763, org.springframework.boot.test.autoconfigure.SpringBootDependencyInjectionTestExecutionListener@2cba3b24, org.springframework.test.context.support.DirtiesContextTestExecutionListener@7f941686, org.springframework.test.context.transaction.TransactionalTestExecutionListener@24ccdf06, org.springframework.test.context.jdbc.SqlScriptsTestExecutionListener@4d968713, org.springframework.security.test.context.support.WithSecurityContextTestExecutionListener@3088e69e, org.springframework.test.context.event.EventPublishingTestExecutionListener@6ff7f62f, org.springframework.security.test.context.support.ReactorContextTestExecutionListener@2d813038, org.springframework.boot.test.autoconfigure.restdocs.RestDocsTestExecutionListener@54569484, org.springframework.boot.test.autoconfigure.web.client.MockRestServiceServerResetTestExecutionListener@231d2486, org.springframework.boot.test.autoconfigure.web.servlet.MockMvcPrintOnlyOnFailureTestExecutionListener@730be844, org.springframework.boot.test.autoconfigure.web.servlet.WebDriverTestExecutionListener@57af16ed, org.springframework.boot.test.autoconfigure.webservices.client.MockWebServiceServerTestExecutionListener@373d4a28, org.springframework.boot.test.mock.mockito.ResetMocksTestExecutionListener@7dce715d]
21:18:36.549 [Test worker] DEBUG org.springframework.test.annotation.ProfileValueUtils - Retrieved @ProfileValueSourceConfiguration [null] for test class [com.vanderbilt.ruleengine.DSLPatternTest]
21:18:36.552 [Test worker] DEBUG org.springframework.test.annotation.ProfileValueUtils - Retrieved ProfileValueSource type [class org.springframework.test.annotation.SystemProfileValueSource] for class [com.vanderbilt.ruleengine.DSLPatternTest]
21:18:36.552 [Test worker] DEBUG org.springframework.test.annotation.ProfileValueUtils - Retrieved @ProfileValueSourceConfiguration [null] for test class [com.vanderbilt.ruleengine.DSLPatternTest]
21:18:36.553 [Test worker] DEBUG org.springframework.test.annotation.ProfileValueUtils - Retrieved ProfileValueSource type [class org.springframework.test.annotation.SystemProfileValueSource] for class [com.vanderbilt.ruleengine.DSLPatternTest]
21:18:36.559 [Test worker] DEBUG org.springframework.test.context.support.AbstractDirtiesContextTestExecutionListener - Before test class: context [DefaultTestContext@2cc2ce9d testClass = DSLPatternTest, testInstance = [null], testMethod = [null], testException = [null], mergedContextConfiguration = [WebMergedContextConfiguration@53a839ce testClass = DSLPatternTest, locations = '{}', classes = '{class com.vanderbilt.ruleengine.DemoApplication}', contextInitializerClasses = '[]', activeProfiles = '{}', propertySourceLocations = '{}', propertySourceProperties = '{org.springframework.boot.test.context.SpringBootTestContextBootstrapper=true}', contextCustomizers = set[org.springframework.boot.test.autoconfigure.actuate.metrics.MetricsExportContextCustomizerFactory$DisableMetricExportContextCustomizer@782217be, org.springframework.boot.test.autoconfigure.properties.PropertyMappingContextCustomizer@0, org.springframework.boot.test.autoconfigure.web.servlet.WebDriverContextCustomizerFactory$Customizer@26272e2a, org.springframework.boot.test.context.filter.ExcludeFilterContextCustomizer@5d38be36, org.springframework.boot.test.json.DuplicateJsonObjectContextCustomizerFactory$DuplicateJsonObjectContextCustomizer@eec58a0, org.springframework.boot.test.mock.mockito.MockitoContextCustomizer@0, org.springframework.boot.test.web.client.TestRestTemplateContextCustomizer@321e9a8f, org.springframework.boot.test.context.SpringBootTestArgs@1, org.springframework.boot.test.context.SpringBootTestWebEnvironment@724716fe], resourceBasePath = 'src/main/webapp', contextLoader = 'org.springframework.boot.test.context.SpringBootContextLoader', parent = [null]], attributes = map['org.springframework.test.context.web.ServletTestExecutionListener.activateListener' -> true]], class annotated with @DirtiesContext [false] with mode [null].
21:18:36.562 [Test worker] DEBUG org.springframework.test.annotation.ProfileValueUtils - Retrieved @ProfileValueSourceConfiguration [null] for test class [com.vanderbilt.ruleengine.DSLPatternTest]
21:18:36.562 [Test worker] DEBUG org.springframework.test.annotation.ProfileValueUtils - Retrieved ProfileValueSource type [class org.springframework.test.annotation.SystemProfileValueSource] for class [com.vanderbilt.ruleengine.DSLPatternTest]
21:18:36.605 [Test worker] DEBUG org.springframework.test.context.support.TestPropertySourceUtils - Adding inlined properties to environment: {spring.jmx.enabled=false, org.springframework.boot.test.context.SpringBootTestContextBootstrapper=true}

  .   ____          _            __ _ _
 /\\ / ___'_ __ _ _(_)_ __  __ _ \ \ \ \
( ( )\___ | '_ | '_| | '_ \/ _` | \ \ \ \
 \\/  ___)| |_)| | | | | || (_| |  ) ) ) )
  '  |____| .__|_| |_|_| |_\__, | / / / /
 =========|_|==============|___/=/_/_/_/
 :: Spring Boot ::                (v2.4.4)

2021-11-21 21:18:37.078  INFO 41585 --- [    Test worker] c.vanderbilt.ruleengine.DSLPatternTest   : Starting DSLPatternTest using Java 1.8.0_171 on Rupaks-MacBook-Pro.local with PID 41585 (started by rupak in /Volumes/Documents/fall-2021/Software Engineering Projects/project/brms-workflow-engine/stateless-rule-engine)
2021-11-21 21:18:37.087  INFO 41585 --- [    Test worker] c.vanderbilt.ruleengine.DSLPatternTest   : No active profile set, falling back to default profiles: default
2021-11-21 21:18:38.089  INFO 41585 --- [    Test worker] .s.d.r.c.RepositoryConfigurationDelegate : Bootstrapping Spring Data JPA repositories in DEFAULT mode.
2021-11-21 21:18:38.162  INFO 41585 --- [    Test worker] .s.d.r.c.RepositoryConfigurationDelegate : Finished Spring Data repository scanning in 64 ms. Found 1 JPA repository interfaces.
2021-11-21 21:18:38.788  INFO 41585 --- [    Test worker] com.zaxxer.hikari.HikariDataSource       : HikariPool-1 - Starting...
2021-11-21 21:18:38.866  INFO 41585 --- [    Test worker] com.zaxxer.hikari.pool.PoolBase          : HikariPool-1 - Driver does not support get/set network timeout for connections. (Method org.postgresql.jdbc42.Jdbc42Connection.getNetworkTimeout() is not yet implemented.)
2021-11-21 21:18:38.888  INFO 41585 --- [    Test worker] com.zaxxer.hikari.HikariDataSource       : HikariPool-1 - Start completed.
2021-11-21 21:18:39.048  INFO 41585 --- [    Test worker] o.hibernate.jpa.internal.util.LogHelper  : HHH000204: Processing PersistenceUnitInfo [name: default]
2021-11-21 21:18:39.096  INFO 41585 --- [    Test worker] org.hibernate.Version                    : HHH000412: Hibernate ORM core version 5.4.29.Final
2021-11-21 21:18:39.231  INFO 41585 --- [    Test worker] o.hibernate.annotations.common.Version   : HCANN000001: Hibernate Commons Annotations {5.1.2.Final}
2021-11-21 21:18:39.377  INFO 41585 --- [    Test worker] org.hibernate.dialect.Dialect            : HHH000400: Using dialect: org.hibernate.dialect.PostgreSQL10Dialect
2021-11-21 21:18:40.207  INFO 41585 --- [    Test worker] o.h.e.t.j.p.i.JtaPlatformInitiator       : HHH000490: Using JtaPlatform implementation: [org.hibernate.engine.transaction.jta.platform.internal.NoJtaPlatform]
2021-11-21 21:18:40.215  INFO 41585 --- [    Test worker] j.LocalContainerEntityManagerFactoryBean : Initialized JPA EntityManagerFactory for persistence unit 'default'
2021-11-21 21:18:40.491  WARN 41585 --- [    Test worker] JpaBaseConfiguration$JpaWebConfiguration : spring.jpa.open-in-view is enabled by default. Therefore, database queries may be performed during view rendering. Explicitly configure spring.jpa.open-in-view to disable this warning
2021-11-21 21:18:40.760  INFO 41585 --- [    Test worker] o.s.s.concurrent.ThreadPoolTaskExecutor  : Initializing ExecutorService 'applicationTaskExecutor'
2021-11-21 21:18:41.628  INFO 41585 --- [    Test worker] c.vanderbilt.ruleengine.DSLPatternTest   : Started DSLPatternTest in 5.011 seconds (JVM running for 6.232)
]]></system-out>
  <system-err><![CDATA[]]></system-err>
</testsuite>
