<?xml version="1.0" encoding="UTF-8"?>
<testsuite name="com.vanderbilt.ruleengine.RuleEngineTest" tests="3" skipped="0" failures="0" errors="0" timestamp="2021-11-22T02:18:43" hostname="Rupaks-MacBook-Pro.local" time="0.333">
  <properties/>
  <testcase name="verifyGetAllRules" classname="com.vanderbilt.ruleengine.RuleEngineTest" time="0.125"/>
  <testcase name="verifyPostCarLoanRuleOne" classname="com.vanderbilt.ruleengine.RuleEngineTest" time="0.192"/>
  <testcase name="verifyPostCarLoanRuleTwo" classname="com.vanderbilt.ruleengine.RuleEngineTest" time="0.013"/>
  <system-out><![CDATA[2021-11-21 21:18:41.945  INFO 41585 --- [    Test worker] .b.t.c.SpringBootTestContextBootstrapper : Neither @ContextConfiguration nor @ContextHierarchy found for test class [com.vanderbilt.ruleengine.RuleEngineTest], using SpringBootContextLoader
2021-11-21 21:18:41.946  INFO 41585 --- [    Test worker] o.s.t.c.support.AbstractContextLoader    : Could not detect default resource locations for test class [com.vanderbilt.ruleengine.RuleEngineTest]: no resource found for suffixes {-context.xml, Context.groovy}.
2021-11-21 21:18:41.953  INFO 41585 --- [    Test worker] .b.t.c.SpringBootTestContextBootstrapper : Loaded default TestExecutionListener class names from location [META-INF/spring.factories]: [org.springframework.security.test.context.support.WithSecurityContextTestExecutionListener, org.springframework.security.test.context.support.ReactorContextTestExecutionListener, org.springframework.boot.test.autoconfigure.restdocs.RestDocsTestExecutionListener, org.springframework.boot.test.autoconfigure.web.client.MockRestServiceServerResetTestExecutionListener, org.springframework.boot.test.autoconfigure.web.servlet.MockMvcPrintOnlyOnFailureTestExecutionListener, org.springframework.boot.test.autoconfigure.web.servlet.WebDriverTestExecutionListener, org.springframework.boot.test.autoconfigure.webservices.client.MockWebServiceServerTestExecutionListener, org.springframework.boot.test.mock.mockito.MockitoTestExecutionListener, org.springframework.boot.test.mock.mockito.ResetMocksTestExecutionListener, org.springframework.test.context.web.ServletTestExecutionListener, org.springframework.test.context.support.DirtiesContextBeforeModesTestExecutionListener, org.springframework.test.context.event.ApplicationEventsTestExecutionListener, org.springframework.test.context.support.DependencyInjectionTestExecutionListener, org.springframework.test.context.support.DirtiesContextTestExecutionListener, org.springframework.test.context.transaction.TransactionalTestExecutionListener, org.springframework.test.context.jdbc.SqlScriptsTestExecutionListener, org.springframework.test.context.event.EventPublishingTestExecutionListener]
2021-11-21 21:18:41.954  INFO 41585 --- [    Test worker] .b.t.c.SpringBootTestContextBootstrapper : Using TestExecutionListeners: [org.springframework.test.context.web.ServletTestExecutionListener@357f9e06, org.springframework.test.context.support.DirtiesContextBeforeModesTestExecutionListener@3e316f39, org.springframework.test.context.event.ApplicationEventsTestExecutionListener@6d848d15, org.springframework.boot.test.mock.mockito.MockitoTestExecutionListener@6d22b7e2, org.springframework.boot.test.autoconfigure.SpringBootDependencyInjectionTestExecutionListener@24e49bee, org.springframework.test.context.support.DirtiesContextTestExecutionListener@119970ec, org.springframework.test.context.transaction.TransactionalTestExecutionListener@583cbbef, org.springframework.test.context.jdbc.SqlScriptsTestExecutionListener@20d98aad, org.springframework.security.test.context.support.WithSecurityContextTestExecutionListener@20e25eb3, org.springframework.test.context.event.EventPublishingTestExecutionListener@7a265453, org.springframework.security.test.context.support.ReactorContextTestExecutionListener@47786b3b, org.springframework.boot.test.autoconfigure.restdocs.RestDocsTestExecutionListener@2b180d9b, org.springframework.boot.test.autoconfigure.web.client.MockRestServiceServerResetTestExecutionListener@193dc98d, org.springframework.boot.test.autoconfigure.web.servlet.MockMvcPrintOnlyOnFailureTestExecutionListener@51719235, org.springframework.boot.test.autoconfigure.web.servlet.WebDriverTestExecutionListener@55d40a93, org.springframework.boot.test.autoconfigure.webservices.client.MockWebServiceServerTestExecutionListener@3ecbb167, org.springframework.boot.test.mock.mockito.ResetMocksTestExecutionListener@49cd7692]

  .   ____          _            __ _ _
 /\\ / ___'_ __ _ _(_)_ __  __ _ \ \ \ \
( ( )\___ | '_ | '_| | '_ \/ _` | \ \ \ \
 \\/  ___)| |_)| | | | | || (_| |  ) ) ) )
  '  |____| .__|_| |_|_| |_\__, | / / / /
 =========|_|==============|___/=/_/_/_/
 :: Spring Boot ::                (v2.4.4)

2021-11-21 21:18:41.977  INFO 41585 --- [    Test worker] c.vanderbilt.ruleengine.RuleEngineTest   : Starting RuleEngineTest using Java 1.8.0_171 on Rupaks-MacBook-Pro.local with PID 41585 (started by rupak in /Volumes/Documents/fall-2021/Software Engineering Projects/project/brms-workflow-engine/stateless-rule-engine)
2021-11-21 21:18:41.979  INFO 41585 --- [    Test worker] c.vanderbilt.ruleengine.RuleEngineTest   : No active profile set, falling back to default profiles: default
2021-11-21 21:18:42.148  INFO 41585 --- [    Test worker] .s.d.r.c.RepositoryConfigurationDelegate : Bootstrapping Spring Data JPA repositories in DEFAULT mode.
2021-11-21 21:18:42.162  INFO 41585 --- [    Test worker] .s.d.r.c.RepositoryConfigurationDelegate : Finished Spring Data repository scanning in 13 ms. Found 1 JPA repository interfaces.
2021-11-21 21:18:42.370  INFO 41585 --- [    Test worker] com.zaxxer.hikari.HikariDataSource       : HikariPool-2 - Starting...
2021-11-21 21:18:42.377  INFO 41585 --- [    Test worker] com.zaxxer.hikari.pool.PoolBase          : HikariPool-2 - Driver does not support get/set network timeout for connections. (Method org.postgresql.jdbc42.Jdbc42Connection.getNetworkTimeout() is not yet implemented.)
2021-11-21 21:18:42.379  INFO 41585 --- [    Test worker] com.zaxxer.hikari.HikariDataSource       : HikariPool-2 - Start completed.
2021-11-21 21:18:42.393  INFO 41585 --- [    Test worker] o.hibernate.jpa.internal.util.LogHelper  : HHH000204: Processing PersistenceUnitInfo [name: default]
2021-11-21 21:18:42.397  INFO 41585 --- [    Test worker] org.hibernate.dialect.Dialect            : HHH000400: Using dialect: org.hibernate.dialect.PostgreSQL10Dialect
2021-11-21 21:18:42.606  INFO 41585 --- [    Test worker] o.h.e.t.j.p.i.JtaPlatformInitiator       : HHH000490: Using JtaPlatform implementation: [org.hibernate.engine.transaction.jta.platform.internal.NoJtaPlatform]
2021-11-21 21:18:42.606  INFO 41585 --- [    Test worker] j.LocalContainerEntityManagerFactoryBean : Initialized JPA EntityManagerFactory for persistence unit 'default'
2021-11-21 21:18:42.727  WARN 41585 --- [    Test worker] JpaBaseConfiguration$JpaWebConfiguration : spring.jpa.open-in-view is enabled by default. Therefore, database queries may be performed during view rendering. Explicitly configure spring.jpa.open-in-view to disable this warning
2021-11-21 21:18:42.832  INFO 41585 --- [    Test worker] o.s.s.concurrent.ThreadPoolTaskExecutor  : Initializing ExecutorService 'applicationTaskExecutor'
2021-11-21 21:18:43.101  INFO 41585 --- [    Test worker] c.vanderbilt.ruleengine.RuleEngineTest   : Started RuleEngineTest in 1.145 seconds (JVM running for 7.705)
2021-11-21 21:18:43.116  INFO 41585 --- [    Test worker] o.s.b.t.m.w.SpringBootMockServletContext : Initializing Spring TestDispatcherServlet ''
2021-11-21 21:18:43.116  INFO 41585 --- [    Test worker] o.s.t.web.servlet.TestDispatcherServlet  : Initializing Servlet ''
2021-11-21 21:18:43.117  INFO 41585 --- [    Test worker] o.s.t.web.servlet.TestDispatcherServlet  : Completed initialization in 1 ms
2021-11-21 21:18:43.236  INFO 41585 --- [    Test worker] o.s.b.t.m.w.SpringBootMockServletContext : Initializing Spring TestDispatcherServlet ''
2021-11-21 21:18:43.236  INFO 41585 --- [    Test worker] o.s.t.web.servlet.TestDispatcherServlet  : Initializing Servlet ''
2021-11-21 21:18:43.237  INFO 41585 --- [    Test worker] o.s.t.web.servlet.TestDispatcherServlet  : Completed initialization in 1 ms
2021-11-21 21:18:43.428  INFO 41585 --- [    Test worker] o.s.b.t.m.w.SpringBootMockServletContext : Initializing Spring TestDispatcherServlet ''
2021-11-21 21:18:43.429  INFO 41585 --- [    Test worker] o.s.t.web.servlet.TestDispatcherServlet  : Initializing Servlet ''
2021-11-21 21:18:43.433  INFO 41585 --- [    Test worker] o.s.t.web.servlet.TestDispatcherServlet  : Completed initialization in 4 ms
]]></system-out>
  <system-err><![CDATA[]]></system-err>
</testsuite>
